<!DOCTYPE html PUBLIC "-//W3C//DTD XHTML 1.1//EN" "https://www.w3.org/TR/xhtml11/DTD/xhtml11.dtd">
<html xmlns="https://www.w3.org/1999/xhtml">
<head>
<meta http-equiv="content-type" content="text/html; charset=UTF-8"/>
<title>TestNG Report</title>
<style type="text/css">table {margin-bottom:10px;border-collapse:collapse;empty-cells:show}th,td {border:1px solid #009;padding:.25em .5em}th {vertical-align:bottom}td {vertical-align:top}table a {font-weight:bold}.stripe td {background-color: #E6EBF9}.num {text-align:right}.passedodd td {background-color: #3F3}.passedeven td {background-color: #0A0}.skippedodd td {background-color: #DDD}.skippedeven td {background-color: #CCC}.failedodd td,.attn {background-color: #F33}.failedeven td,.stripe .attn {background-color: #D00}.stacktrace {white-space:pre;font-family:monospace}.totop {font-size:85%;text-align:center;border-bottom:2px solid #000}.invisible {display:none}</style>
</head>
<body>
<table>
<tr><th>Test</th><th># Passed</th><th># Skipped</th><th># Retried</th><th># Failed</th><th>Time (ms)</th><th>Included Groups</th><th>Excluded Groups</th></tr>
<tr><th colspan="8">Regression</th></tr>
<tr><td><a href="#t0">Group 2</a></td><td class="num">0</td><td class="num">0</td><td class="num">0</td><td class="num">0</td><td class="num">28</td><td></td><td></td></tr>
<tr class="stripe"><td><a href="#t1">Group 1</a></td><td class="num">0</td><td class="num">0</td><td class="num">0</td><td class="num">0</td><td class="num">28</td><td></td><td></td></tr>
<tr><td><a href="#t2">Group 3</a></td><td class="num">1</td><td class="num attn">1</td><td class="num">0</td><td class="num attn">1</td><td class="num">12,353</td><td></td><td></td></tr>
<tr class="stripe"><td><a href="#t3">Group 4</a></td><td class="num">6</td><td class="num">0</td><td class="num">0</td><td class="num">0</td><td class="num">144,925</td><td></td><td></td></tr>
<tr><th>Total</th><th class="num">7</th><th class="num attn">1</th><th class="num">0</th><th class="num attn">1</th><th class="num">157,334</th><th colspan="2"></th></tr>
</table>
<table id='summary'><thead><tr><th>Class</th><th>Method</th><th>Start</th><th>Time (ms)</th></tr></thead><tbody><tr><th colspan="4">Regression</th></tr></tbody><tbody id="t0"><tr><th colspan="4" class="invisible"/></tr></tbody>
<tbody id="t1"><tr><th colspan="4" class="invisible"/></tr></tbody>
<tbody id="t2"><tr><th colspan="4">Group 3 &#8212; failed (configuration methods)</th></tr><tr class="failedeven"><td rowspan="1">test.tricentis.footer.FooterTest</td><td><a href="#m0">captureScreenshot</a></td><td rowspan="1">1673930512232</td><td rowspan="1">2</td></tr><tr><th colspan="4">Group 3 &#8212; failed</th></tr><tr class="failedeven"><td rowspan="1">test.tricentis.footer.FooterTest</td><td><a href="#m1">testFooterHomePage</a></td><td rowspan="1">1673930512213</td><td rowspan="1">12</td></tr><tr><th colspan="4">Group 3 &#8212; skipped (configuration methods)</th></tr><tr class="skippedeven"><td rowspan="1">test.tricentis.footer.FooterTest</td><td><a href="#m2">captureScreenshot</a></td><td rowspan="1">1673930512252</td><td rowspan="1">0</td></tr><tr><th colspan="4">Group 3 &#8212; skipped</th></tr><tr class="skippedeven"><td rowspan="1">test.tricentis.footer.FooterTest</td><td><a href="#m3">testFooterLoginPage</a></td><td rowspan="1">1673930512246</td><td rowspan="1">0</td></tr><tr><th colspan="4">Group 3 &#8212; passed</th></tr><tr class="passedeven"><td rowspan="1">test.tricentis.footer.FooterTest</td><td><a href="#m4">testFooterCategoryPage</a></td><td rowspan="1">1673930499991</td><td rowspan="1">12187</td></tr></tbody>
<tbody id="t3"><tr><th colspan="4">Group 4 &#8212; passed</th></tr><tr class="passedeven"><td rowspan="3">test.tricentis.order.BuyingCheapComputerTest</td><td><a href="#m5">testCheapComputerBuying</a></td><td rowspan="3">1673930547409</td><td rowspan="3">18852</td></tr><tr class="passedeven"><td><a href="#m6">testCheapComputerBuying</a></td></tr><tr class="passedeven"><td><a href="#m7">testCheapComputerBuying</a></td></tr><tr class="passedodd"><td rowspan="3">test.tricentis.order.BuyingStandardComputerTest</td><td><a href="#m8">testStandardComputerBuying</a></td><td rowspan="3">1673930605561</td><td rowspan="3">19260</td></tr><tr class="passedodd"><td><a href="#m9">testStandardComputerBuying</a></td></tr><tr class="passedodd"><td><a href="#m10">testStandardComputerBuying</a></td></tr></tbody>
</table>
<h2>Group 2</h2><h2>Group 1</h2><h2>Group 3</h2><h3 id="m0">test.tricentis.footer.FooterTest#captureScreenshot</h3><table class="result"><tr class="param"><th>Parameter #1</th></tr><tr class="param stripe"><td>[TestResult name=testFooterHomePage status=FAILURE method=FooterTest.testFooterHomePage()[pri:0, instance:test.tricentis.footer.FooterTest@72e5a8e] output={null}]</td></tr><tr><th>Exception</th></tr><tr><td><div class="stacktrace">org.openqa.selenium.NoSuchSessionException: Session ID is null. Using WebDriver after calling quit()?
Build info: version: &apos;4.6.0&apos;, revision: &apos;79f1c02ae20&apos;
System info: os.name: &apos;Windows 10&apos;, os.arch: &apos;amd64&apos;, os.version: &apos;10.0&apos;, java.version: &apos;15.0.2&apos;
Driver info: org.openqa.selenium.chrome.ChromeDriver
Command: [null, maximizeCurrentWindow {}]
Capabilities {acceptInsecureCerts: false, browserName: chrome, browserVersion: 109.0.5414.75, chrome: {chromedriverVersion: 109.0.5414.74 (e7c5703604da..., userDataDir: C:\Users\PC\AppData\Local\T...}, goog:chromeOptions: {debuggerAddress: localhost:51105}, networkConnectionEnabled: false, pageLoadStrategy: normal, platformName: WINDOWS, proxy: Proxy(), se:cdp: ws://localhost:51105/devtoo..., se:cdpVersion: 109.0.5414.75, setWindowRect: true, strictFileInteractability: false, timeouts: {implicit: 0, pageLoad: 300000, script: 30000}, unhandledPromptBehavior: dismiss and notify, webauthn:extension:credBlob: true, webauthn:extension:largeBlob: true, webauthn:virtualAuthenticators: true}
	at org.openqa.selenium.remote.HttpCommandExecutor.execute(HttpCommandExecutor.java:145)
	at org.openqa.selenium.remote.service.DriverCommandExecutor.invokeExecute(DriverCommandExecutor.java:167)
	at org.openqa.selenium.remote.service.DriverCommandExecutor.execute(DriverCommandExecutor.java:142)
	at org.openqa.selenium.remote.RemoteWebDriver.execute(RemoteWebDriver.java:541)
	at org.openqa.selenium.remote.RemoteWebDriver.execute(RemoteWebDriver.java:596)
	at org.openqa.selenium.remote.RemoteWebDriver.execute(RemoteWebDriver.java:600)
	at org.openqa.selenium.remote.RemoteWebDriver$RemoteWebDriverOptions$RemoteWindow.maximize(RemoteWebDriver.java:952)
	at driver.DriverFactory.getDriver(DriverFactory.java:51)
	at test.tricentis.BaseTest.captureScreenshot(BaseTest.java:70)
	at java.base/java.util.ArrayList.forEach(ArrayList.java:1511)
	at java.base/java.util.concurrent.FutureTask.run(FutureTask.java:264)
	at java.base/java.util.concurrent.ThreadPoolExecutor.runWorker(ThreadPoolExecutor.java:1130)
	at java.base/java.util.concurrent.ThreadPoolExecutor$Worker.run(ThreadPoolExecutor.java:630)
	at java.base/java.lang.Thread.run(Thread.java:832)
... Removed 22 stack frames</div></td></tr></table><p class="totop"><a href="#summary">back to summary</a></p>
<h3 id="m1">test.tricentis.footer.FooterTest#testFooterHomePage</h3><table class="result"><tr><th>Exception</th></tr><tr><td><div class="stacktrace">org.openqa.selenium.NoSuchSessionException: Session ID is null. Using WebDriver after calling quit()?
Build info: version: &apos;4.6.0&apos;, revision: &apos;79f1c02ae20&apos;
System info: os.name: &apos;Windows 10&apos;, os.arch: &apos;amd64&apos;, os.version: &apos;10.0&apos;, java.version: &apos;15.0.2&apos;
Driver info: org.openqa.selenium.chrome.ChromeDriver
Command: [null, maximizeCurrentWindow {}]
Capabilities {acceptInsecureCerts: false, browserName: chrome, browserVersion: 109.0.5414.75, chrome: {chromedriverVersion: 109.0.5414.74 (e7c5703604da..., userDataDir: C:\Users\PC\AppData\Local\T...}, goog:chromeOptions: {debuggerAddress: localhost:51105}, networkConnectionEnabled: false, pageLoadStrategy: normal, platformName: WINDOWS, proxy: Proxy(), se:cdp: ws://localhost:51105/devtoo..., se:cdpVersion: 109.0.5414.75, setWindowRect: true, strictFileInteractability: false, timeouts: {implicit: 0, pageLoad: 300000, script: 30000}, unhandledPromptBehavior: dismiss and notify, webauthn:extension:credBlob: true, webauthn:extension:largeBlob: true, webauthn:virtualAuthenticators: true}
	at org.openqa.selenium.remote.HttpCommandExecutor.execute(HttpCommandExecutor.java:145)
	at org.openqa.selenium.remote.service.DriverCommandExecutor.invokeExecute(DriverCommandExecutor.java:167)
	at org.openqa.selenium.remote.service.DriverCommandExecutor.execute(DriverCommandExecutor.java:142)
	at org.openqa.selenium.remote.RemoteWebDriver.execute(RemoteWebDriver.java:541)
	at org.openqa.selenium.remote.RemoteWebDriver.execute(RemoteWebDriver.java:596)
	at org.openqa.selenium.remote.RemoteWebDriver.execute(RemoteWebDriver.java:600)
	at org.openqa.selenium.remote.RemoteWebDriver$RemoteWebDriverOptions$RemoteWindow.maximize(RemoteWebDriver.java:952)
	at driver.DriverFactory.getDriver(DriverFactory.java:51)
	at test.tricentis.BaseTest.getDriver(BaseTest.java:30)
	at test.tricentis.footer.FooterTest.testFooterHomePage(FooterTest.java:13)
	at java.base/java.util.ArrayList.forEach(ArrayList.java:1511)
	at java.base/java.util.concurrent.FutureTask.run(FutureTask.java:264)
	at java.base/java.util.concurrent.ThreadPoolExecutor.runWorker(ThreadPoolExecutor.java:1130)
	at java.base/java.util.concurrent.ThreadPoolExecutor$Worker.run(ThreadPoolExecutor.java:630)
	at java.base/java.lang.Thread.run(Thread.java:832)
... Removed 17 stack frames</div></td></tr></table><p class="totop"><a href="#summary">back to summary</a></p>
<h3 id="m2">test.tricentis.footer.FooterTest#captureScreenshot</h3><table class="result"><tr><th class="invisible"/></tr></table><p class="totop"><a href="#summary">back to summary</a></p>
<h3 id="m3">test.tricentis.footer.FooterTest#testFooterLoginPage</h3><table class="result"><tr><th>Exception</th></tr><tr><td><div class="stacktrace">org.openqa.selenium.NoSuchSessionException: Session ID is null. Using WebDriver after calling quit()?
Build info: version: &apos;4.6.0&apos;, revision: &apos;79f1c02ae20&apos;
System info: os.name: &apos;Windows 10&apos;, os.arch: &apos;amd64&apos;, os.version: &apos;10.0&apos;, java.version: &apos;15.0.2&apos;
Driver info: org.openqa.selenium.chrome.ChromeDriver
Command: [null, maximizeCurrentWindow {}]
Capabilities {acceptInsecureCerts: false, browserName: chrome, browserVersion: 109.0.5414.75, chrome: {chromedriverVersion: 109.0.5414.74 (e7c5703604da..., userDataDir: C:\Users\PC\AppData\Local\T...}, goog:chromeOptions: {debuggerAddress: localhost:51105}, networkConnectionEnabled: false, pageLoadStrategy: normal, platformName: WINDOWS, proxy: Proxy(), se:cdp: ws://localhost:51105/devtoo..., se:cdpVersion: 109.0.5414.75, setWindowRect: true, strictFileInteractability: false, timeouts: {implicit: 0, pageLoad: 300000, script: 30000}, unhandledPromptBehavior: dismiss and notify, webauthn:extension:credBlob: true, webauthn:extension:largeBlob: true, webauthn:virtualAuthenticators: true}
	at org.openqa.selenium.remote.HttpCommandExecutor.execute(HttpCommandExecutor.java:145)
	at org.openqa.selenium.remote.service.DriverCommandExecutor.invokeExecute(DriverCommandExecutor.java:167)
	at org.openqa.selenium.remote.service.DriverCommandExecutor.execute(DriverCommandExecutor.java:142)
	at org.openqa.selenium.remote.RemoteWebDriver.execute(RemoteWebDriver.java:541)
	at org.openqa.selenium.remote.RemoteWebDriver.execute(RemoteWebDriver.java:596)
	at org.openqa.selenium.remote.RemoteWebDriver.execute(RemoteWebDriver.java:600)
	at org.openqa.selenium.remote.RemoteWebDriver$RemoteWebDriverOptions$RemoteWindow.maximize(RemoteWebDriver.java:952)
	at driver.DriverFactory.getDriver(DriverFactory.java:51)
	at test.tricentis.BaseTest.captureScreenshot(BaseTest.java:70)
	at java.base/java.util.ArrayList.forEach(ArrayList.java:1511)
	at java.base/java.util.concurrent.FutureTask.run(FutureTask.java:264)
	at java.base/java.util.concurrent.ThreadPoolExecutor.runWorker(ThreadPoolExecutor.java:1130)
	at java.base/java.util.concurrent.ThreadPoolExecutor$Worker.run(ThreadPoolExecutor.java:630)
	at java.base/java.lang.Thread.run(Thread.java:832)
... Removed 22 stack frames</div></td></tr></table><p class="totop"><a href="#summary">back to summary</a></p>
<h3 id="m4">test.tricentis.footer.FooterTest#testFooterCategoryPage</h3><table class="result"><tr><th class="invisible"/></tr></table><p class="totop"><a href="#summary">back to summary</a></p>
<h2>Group 4</h2><h3 id="m5">test.tricentis.order.BuyingCheapComputerTest#testCheapComputerBuying</h3><table class="result"><tr class="param"><th>Parameter #1</th></tr><tr class="param stripe"><td>ComputerData{processorType=&apos;Fast&apos;, ram=&apos;4 GB&apos;, os=&apos;null&apos;, hdd=&apos;400 GB&apos;, software=&apos;Office Suite&apos;}</td></tr></table><p class="totop"><a href="#summary">back to summary</a></p>
<h3 id="m6">test.tricentis.order.BuyingCheapComputerTest#testCheapComputerBuying</h3><table class="result"><tr class="param"><th>Parameter #1</th></tr><tr class="param stripe"><td>ComputerData{processorType=&apos;Fast&apos;, ram=&apos;2 GB&apos;, os=&apos;null&apos;, hdd=&apos;320 GB&apos;, software=&apos;Other Office Suite&apos;}</td></tr></table><p class="totop"><a href="#summary">back to summary</a></p>
<h3 id="m7">test.tricentis.order.BuyingCheapComputerTest#testCheapComputerBuying</h3><table class="result"><tr class="param"><th>Parameter #1</th></tr><tr class="param stripe"><td>ComputerData{processorType=&apos;Fast&apos;, ram=&apos;8 GB&apos;, os=&apos;null&apos;, hdd=&apos;320 GB&apos;, software=&apos;Image Viever&apos;}</td></tr></table><p class="totop"><a href="#summary">back to summary</a></p>
<h3 id="m8">test.tricentis.order.BuyingStandardComputerTest#testStandardComputerBuying</h3><table class="result"><tr class="param"><th>Parameter #1</th></tr><tr class="param stripe"><td>ComputerData{processorType=&apos;2.5GHz&apos;, ram=&apos;4GB&apos;, os=&apos;Windows 7&apos;, hdd=&apos;320 GB&apos;, software=&apos;Acrobat Reader&apos;}</td></tr></table><p class="totop"><a href="#summary">back to summary</a></p>
<h3 id="m9">test.tricentis.order.BuyingStandardComputerTest#testStandardComputerBuying</h3><table class="result"><tr class="param"><th>Parameter #1</th></tr><tr class="param stripe"><td>ComputerData{processorType=&apos;2.2GHz&apos;, ram=&apos;2GB&apos;, os=&apos;Windows 10&apos;, hdd=&apos;320 GB&apos;, software=&apos;Total Commander&apos;}</td></tr></table><p class="totop"><a href="#summary">back to summary</a></p>
<h3 id="m10">test.tricentis.order.BuyingStandardComputerTest#testStandardComputerBuying</h3><table class="result"><tr class="param"><th>Parameter #1</th></tr><tr class="param stripe"><td>ComputerData{processorType=&apos;2.2GHz&apos;, ram=&apos;8GB&apos;, os=&apos;Ubuntu&apos;, hdd=&apos;400 GB&apos;, software=&apos;Microsoft Office&apos;}</td></tr></table><p class="totop"><a href="#summary">back to summary</a></p>
</body>
</html>
